Starting HttpServer.
Starting HttpServer.
Starting HttpServer.
Starting HttpServer.
Starting HttpServer.
Number of arguments is wrong!
Starting HttpServer.
Port Number is invalid!
Starting HttpServer.
Starting HttpServer.
task added to blockingQueue
task fetched from blockingQueue
Handle task
task added to blockingQueue
task fetched from blockingQueue
Handle task
task added to blockingQueue
task fetched from blockingQueue
Handle task
Starting HttpServer.
Starting HttpServer.
task added to blockingQueue
task fetched from blockingQueue
Handle task
task added to blockingQueue
task fetched from blockingQueue
Handle task
task added to blockingQueue
task fetched from blockingQueue
Handle task
Starting HttpServer.
task added to blockingQueue
task fetched from blockingQueue
Handle task
task added to blockingQueue
task fetched from blockingQueue
Handle task
task added to blockingQueue
task fetched from blockingQueue
Handle task
Starting HttpServer.
task added to blockingQueue
task fetched from blockingQueue
Handle task
task added to blockingQueue
task fetched from blockingQueue
Handle task
Starting HttpServer.
task added to blockingQueue
task fetched from blockingQueue
Handle task
Starting HttpServer.
task added to blockingQueue
task fetched from blockingQueue
Handle task
Starting HttpServer.
task added to blockingQueue
task fetched from blockingQueue
Handle task
task added to blockingQueue
task fetched from blockingQueue
Handle task
Starting HttpServer.
Could not bind portNumber:8080
Starting HttpServer.
Could not bind portNumber:8080
Starting HttpServer.
Could not bind portNumber:8080
Starting HttpServer.
Could not bind portNumber:8080
Starting HttpServer.
task added to blockingQueue
task fetched from blockingQueue
Handle task
task added to blockingQueue
task fetched from blockingQueue
Handle task
task added to blockingQueue
task fetched from blockingQueue
Handle task
task added to blockingQueue
task fetched from blockingQueue
Handle task
Starting HttpServer.
task added to blockingQueue
task fetched from blockingQueue
Handle task
task added to blockingQueue
task fetched from blockingQueue
Handle task
task added to blockingQueue
task fetched from blockingQueue
Handle task
task added to blockingQueue
task fetched from blockingQueue
Handle task
Starting HttpServer.
task added to blockingQueue
task fetched from blockingQueue
Handle task
task added to blockingQueue
task fetched from blockingQueue
Handle task
Starting HttpServer.
task added to blockingQueue
task fetched from blockingQueue
Handle task
Starting HttpServer.
task added to blockingQueue
task fetched from blockingQueue
Handle task
task added to blockingQueue
task fetched from blockingQueue
Handle task
task added to blockingQueue
task fetched from blockingQueue
Handle task
task added to blockingQueue
task fetched from blockingQueue
Handle task
Starting HttpServer.
task added to blockingQueue
task fetched from blockingQueue
Handle task
task added to blockingQueue
task fetched from blockingQueue
Handle task
task added to blockingQueue
task fetched from blockingQueue
Handle task
task added to blockingQueue
task fetched from blockingQueue
Handle task
Starting HttpServer.
task added to blockingQueue
task fetched from blockingQueue
Handle task
task added to blockingQueue
task fetched from blockingQueue
Handle task
task added to blockingQueue
task fetched from blockingQueue
Handle task
task added to blockingQueue
task fetched from blockingQueue
Handle task
Starting HttpServer.
task added to blockingQueue
task fetched from blockingQueue
Handle task
Starting HttpServer.
task added to blockingQueue
task fetched from blockingQueue
Handle task
task added to blockingQueue
task fetched from blockingQueue
Handle task
task added to blockingQueue
task fetched from blockingQueue
Handle task
Starting HttpServer.
task added to blockingQueue
task fetched from blockingQueue
Handle task
task added to blockingQueue
task fetched from blockingQueue
Handle task
task added to blockingQueue
task fetched from blockingQueue
Handle task
task added to blockingQueue
task fetched from blockingQueue
Handle task
task added to blockingQueue
task fetched from blockingQueue
Handle task
task added to blockingQueue
task fetched from blockingQueue
Handle task
task added to blockingQueue
task fetched from blockingQueue
Handle task
Starting HttpServer.
task added to blockingQueue
task fetched from blockingQueue
Handle task
task added to blockingQueue
task fetched from blockingQueue
Handle task
Starting HttpServer.
task added to blockingQueue
task fetched from blockingQueue
Handle task
Starting HttpServer.
task added to blockingQueue
task fetched from blockingQueue
Handle task
Starting HttpServer.
task added to blockingQueue
task fetched from blockingQueue
Handle task
task added to blockingQueue
task fetched from blockingQueue
Handle task
Starting HttpServer.
task added to blockingQueue
task fetched from blockingQueue
Handle task
task added to blockingQueue
task fetched from blockingQueue
Handle task
task added to blockingQueue
task fetched from blockingQueue
Handle task
Starting HttpServer.
task added to blockingQueue
task fetched from blockingQueue
Handle task
task added to blockingQueue
task fetched from blockingQueue
Handle task
task added to blockingQueue
task fetched from blockingQueue
Handle task
task added to blockingQueue
task fetched from blockingQueue
Handle task
task added to blockingQueue
task fetched from blockingQueue
Handle task
