#
# A fatal error has been detected by the Java Runtime Environment:
#
#  SIGSEGV (0xb) at pc=0xb6dec39c, pid=7551, tid=2413873984
#
# JRE version: OpenJDK Runtime Environment (7.0_75-b13) (build 1.7.0_75-b13)
# Java VM: OpenJDK Client VM (24.75-b04 mixed mode linux-x86 )
# Derivative: IcedTea 2.5.4
# Distribution: Ubuntu 14.04 LTS, package 7u75-2.5.4-1~trusty1
# Problematic frame:
# V  [libjvm.so+0x30c39c]  JNIHandles::checked_resolve_jmethod_id(_jmethodID*)+0xc
#
# Failed to write core dump. Core dumps have been disabled. To enable core dumping, try "ulimit -c unlimited" before starting Java again
#
# If you would like to submit a bug report, please include
# instructions on how to reproduce the bug and visit:
#   http://icedtea.classpath.org/bugzilla
#

---------------  T H R E A D  ---------------

Current thread (0xb6881800):  JavaThread "JDWP Transport Listener: dt_socket" daemon [_thread_in_vm, id=7557, stack(0x8fdbc000,0x8fe0d000)]

siginfo:si_signo=SIGSEGV: si_errno=0, si_code=1 (SEGV_MAPERR), si_addr=0x00000010

Registers:
EAX=0x00000010, EBX=0xb7121000, ECX=0x00000010, EDX=0xb6881800
ESP=0x8fe0bec0, EBP=0x8fe0bef0, ESI=0x00000063, EDI=0xb6881800
EIP=0xb6dec39c, EFLAGS=0x00010202, CR2=0x00000010

Top of Stack: (sp=0x8fe0bec0)
0x8fe0bec0:   b6ddd6d9 b7121000 8fe0c264 b7121000
0x8fe0bed0:   00000074 b6881800 00000063 b6de8083
0x8fe0bee0:   00000010 b6881800 b67ff000 b67ff000
0x8fe0bef0:   b6881800 00000000 00000000 00000000
0x8fe0bf00:   b6802b20 08a56af8 b6de7f7e b67ff000
0x8fe0bf10:   8fe0bf77 b67ff9a0 8fe0bf48 b67e97c0
0x8fe0bf20:   b6802b20 00000010 8fe0bf77 b67dee31
0x8fe0bf30:   00000004 b67ef66c b67e978b b67ff000 

Instructions: (pc=0xb6dec39c)
0xb6dec37c:   01 00 00 00 5b 5e c3 66 90 66 90 66 90 66 90 66
0xb6dec38c:   90 66 90 90 56 83 ec 18 8b 44 24 20 85 c0 74 0a
0xb6dec39c:   8b 30 81 fe fe fe fe fe 75 0a 83 c4 18 31 c0 5e
0xb6dec3ac:   c3 8d 76 00 85 f6 74 f2 8b 46 04 8d 50 08 8b 40 

Register to memory mapping:

EAX=0x00000010 is an unknown value
EBX=0xb7121000: <offset 0x641000> in /usr/lib/jvm/java-7-openjdk-i386/jre/lib/i386/client/libjvm.so at 0xb6ae0000
ECX=0x00000010 is an unknown value
EDX=0xb6881800 is a thread
ESP=0x8fe0bec0 is pointing into the stack for thread: 0xb6881800
EBP=0x8fe0bef0 is pointing into the stack for thread: 0xb6881800
ESI=0x00000063 is an unknown value
EDI=0xb6881800 is a thread


Stack: [0x8fdbc000,0x8fe0d000],  sp=0x8fe0bec0,  free space=319k
Native frames: (J=compiled Java code, j=interpreted, Vv=VM code, C=native code)
V  [libjvm.so+0x30c39c]  JNIHandles::checked_resolve_jmethod_id(_jmethodID*)+0xc


---------------  P R O C E S S  ---------------

Java Threads: ( => current thread )
  0x8e832000 JavaThread "http-nio-8080-exec-10" daemon [_thread_blocked, id=7654, stack(0x8d285000,0x8d2d6000)]
  0x8ea55400 JavaThread "http-nio-8080-exec-9" daemon [_thread_blocked, id=7624, stack(0x8d2d6000,0x8d327000)]
  0x08a60800 JavaThread "JDWP Command Reader" daemon [_thread_in_native, id=7612, stack(0x8d327000,0x8d378000)]
  0x8e881000 JavaThread "http-nio-8080-exec-8" daemon [_thread_blocked, id=7587, stack(0x8d378000,0x8d3c9000)]
  0x8dc8e000 JavaThread "http-nio-8080-exec-7" daemon [_thread_blocked, id=7586, stack(0x8d3c9000,0x8d41a000)]
  0x8dc8d000 JavaThread "http-nio-8080-exec-6" daemon [_thread_blocked, id=7585, stack(0x8d41a000,0x8d46b000)]
  0x8dee1000 JavaThread "http-nio-8080-exec-5" daemon [_thread_blocked, id=7584, stack(0x8ee0d000,0x8ee5e000)]
  0x8dee0800 JavaThread "http-nio-8080-exec-4" daemon [_thread_blocked, id=7583, stack(0x8edbc000,0x8ee0d000)]
  0x8e9df400 JavaThread "http-nio-8080-exec-3" daemon [_thread_blocked, id=7582, stack(0x8d46b000,0x8d4bc000)]
  0x8e9de800 JavaThread "http-nio-8080-exec-2" daemon [_thread_blocked, id=7581, stack(0x8d4bc000,0x8d50d000)]
  0x8ebfb000 JavaThread "http-nio-8080-exec-1" daemon [_thread_blocked, id=7579, stack(0x8d50d000,0x8d55e000)]
  0x8d66dc00 JavaThread "ajp-nio-8009-Acceptor-0" daemon [_thread_in_native, id=7578, stack(0x8d55e000,0x8d5af000)]
  0x8d66bc00 JavaThread "ajp-nio-8009-ClientPoller-0" daemon [_thread_in_native, id=7577, stack(0x8d5af000,0x8d600000)]
  0x8d65d800 JavaThread "http-nio-8080-Acceptor-0" daemon [_thread_in_native, id=7576, stack(0x8d70d000,0x8d75e000)]
  0x8d65bc00 JavaThread "http-nio-8080-ClientPoller-0" daemon [_thread_in_native, id=7575, stack(0x8d75e000,0x8d7af000)]
  0x8d64c800 JavaThread "ContainerBackgroundProcessor[StandardEngine[Catalina]]" daemon [_thread_blocked, id=7574, stack(0x8d7af000,0x8d800000)]
  0x8e8ca800 JavaThread "StatCapture" daemon [_thread_blocked, id=7573, stack(0x8df0d000,0x8df5e000)]
  0x8e8c9000 JavaThread "Checkpointer" daemon [_thread_blocked, id=7572, stack(0x8df5e000,0x8dfaf000)]
  0x8e8c7800 JavaThread "Cleaner-1" daemon [_thread_blocked, id=7571, stack(0x8dfaf000,0x8e000000)]
  0x8e8c6400 JavaThread "INCompressor" daemon [_thread_blocked, id=7570, stack(0x8ed47000,0x8ed98000)]
  0x8ef2d400 JavaThread "NioBlockingSelector.BlockPoller-2" daemon [_thread_in_native, id=7567, stack(0x8ee5e000,0x8eeaf000)]
  0x8ef2c400 JavaThread "NioBlockingSelector.BlockPoller-1" daemon [_thread_in_native, id=7566, stack(0x8eeaf000,0x8ef00000)]
  0x8f2a0400 JavaThread "GC Daemon" daemon [_thread_blocked, id=7565, stack(0x8f57e000,0x8f5cf000)]
  0x8fb6bc00 JavaThread "AsyncFileHandlerWriter-27807662" daemon [_thread_blocked, id=7562, stack(0x8faaf000,0x8fb00000)]
  0xb6887c00 JavaThread "Service Thread" daemon [_thread_blocked, id=7560, stack(0x8fc99000,0x8fcea000)]
  0xb6885c00 JavaThread "C1 CompilerThread0" daemon [_thread_blocked, id=7559, stack(0x8fcea000,0x8fd6b000)]
  0xb6884000 JavaThread "JDWP Event Helper Thread" daemon [_thread_blocked, id=7558, stack(0x8fd6b000,0x8fdbc000)]
=>0xb6881800 JavaThread "JDWP Transport Listener: dt_socket" daemon [_thread_in_vm, id=7557, stack(0x8fdbc000,0x8fe0d000)]
  0xb6879400 JavaThread "Signal Dispatcher" daemon [_thread_blocked, id=7556, stack(0x8fe0d000,0x8fe5e000)]
  0xb6867000 JavaThread "Finalizer" daemon [_thread_blocked, id=7555, stack(0x8fe5e000,0x8feaf000)]
  0xb6865400 JavaThread "Reference Handler" daemon [_thread_blocked, id=7554, stack(0x8feaf000,0x8ff00000)]
  0xb6809000 JavaThread "main" [_thread_in_native, id=7552, stack(0xb6943000,0xb6994000)]

Other Threads:
  0xb6862c00 VMThread [stack: 0x90009000,0x9008a000] [id=7553]
  0xb688ac00 WatcherThread [stack: 0x8fc18000,0x8fc99000] [id=7561]

VM state:not at safepoint (normal execution)

VM Mutex/Monitor currently owned by a thread: None

Heap
 def new generation   total 11712K, used 2658K [0x90400000, 0x910b0000, 0x9aea0000)
  eden space 10432K,  15% used [0x90400000, 0x9058e2f8, 0x90e30000)
  from space 1280K,  83% used [0x90e30000, 0x90f3a520, 0x90f70000)
  to   space 1280K,   0% used [0x90f70000, 0x90f70000, 0x910b0000)
 tenured generation   total 25892K, used 25771K [0x9aea0000, 0x9c7e9000, 0xb0400000)
   the space 25892K,  99% used [0x9aea0000, 0x9c7caf98, 0x9c7cb000, 0x9c7e9000)
 compacting perm gen  total 14080K, used 14022K [0xb0400000, 0xb11c0000, 0xb4400000)
   the space 14080K,  99% used [0xb0400000, 0xb11b19a8, 0xb11b1a00, 0xb11c0000)
No shared spaces configured.

Card table byte_map: [0x902df000,0x90400000] byte_map_base: 0x8fe5d000

Polling page: 0xb7739000

Code Cache  [0xb4579000, 0xb4831000, 0xb6579000)
 total_blobs=1314 nmethods=1120 adapters=138 free_code_cache=30007Kb largest_free_block=30725760

Compilation events (10 events):
Event: 722.859 Thread 0xb6885c00 1141             com.sleepycat.je.utilint.LongStat::get (8 bytes)
Event: 722.860 Thread 0xb6885c00 nmethod 1141 0xb4828008 code [0xb4828100, 0xb482819c]
Event: 744.110 Thread 0xb6885c00 1142             java.util.LinkedHashMap$Entry::recordAccess (35 bytes)
Event: 744.111 Thread 0xb6885c00 nmethod 1142 0xb4828208 code [0xb4828310, 0xb4828450]
Event: 782.946 Thread 0xb6885c00 1143   !         org.apache.tomcat.util.net.NioEndpoint$Poller::timeout (638 bytes)
Event: 782.950 Thread 0xb6885c00 nmethod 1143 0xb4828608 code [0xb4828910, 0xb4829408]
Event: 994.156 Thread 0xb6885c00 1144             java.util.TreeMap::getFirstEntry (26 bytes)
Event: 994.156 Thread 0xb6885c00 nmethod 1144 0xb482a5c8 code [0xb482a6c0, 0xb482a760]
Event: 1011.492 Thread 0xb6885c00 1145             java.util.concurrent.locks.AbstractQueuedSynchronizer$ConditionObject::awaitNanos (158 bytes)
Event: 1011.493 Thread 0xb6885c00 nmethod 1145 0xb482a808 code [0xb482aa20, 0xb482b0ac]

GC Heap History (10 events):
Event: 3.201 GC heap before
{Heap before GC invocations=21 (full 2):
 def new generation   total 11712K, used 11712K [0x90400000, 0x910b0000, 0x9aea0000)
  eden space 10432K, 100% used [0x90400000, 0x90e30000, 0x90e30000)
  from space 1280K, 100% used [0x90f70000, 0x910b0000, 0x910b0000)
  to   space 1280K,   0% used [0x90e30000, 0x90e30000, 0x90f70000)
 tenured generation   total 25892K, used 16630K [0x9aea0000, 0x9c7e9000, 0xb0400000)
   the space 25892K,  64% used [0x9aea0000, 0x9bedd930, 0x9bedda00, 0x9c7e9000)
 compacting perm gen  total 12800K, used 12547K [0xb0400000, 0xb1080000, 0xb4400000)
   the space 12800K,  98% used [0xb0400000, 0xb1040fc0, 0xb1041000, 0xb1080000)
No shared spaces configured.
Event: 3.210 GC heap after
Heap after GC invocations=22 (full 2):
 def new generation   total 11712K, used 1280K [0x90400000, 0x910b0000, 0x9aea0000)
  eden space 10432K,   0% used [0x90400000, 0x90400000, 0x90e30000)
  from space 1280K, 100% used [0x90e30000, 0x90f70000, 0x90f70000)
  to   space 1280K,   0% used [0x90f70000, 0x90f70000, 0x910b0000)
 tenured generation   total 25892K, used 18226K [0x9aea0000, 0x9c7e9000, 0xb0400000)
   the space 25892K,  70% used [0x9aea0000, 0x9c06cb50, 0x9c06cc00, 0x9c7e9000)
 compacting perm gen  total 12800K, used 12547K [0xb0400000, 0xb1080000, 0xb4400000)
   the space 12800K,  98% used [0xb0400000, 0xb1040fc0, 0xb1041000, 0xb1080000)
No shared spaces configured.
}
Event: 3.329 GC heap before
{Heap before GC invocations=22 (full 2):
 def new generation   total 11712K, used 11712K [0x90400000, 0x910b0000, 0x9aea0000)
  eden space 10432K, 100% used [0x90400000, 0x90e30000, 0x90e30000)
  from space 1280K, 100% used [0x90e30000, 0x90f70000, 0x90f70000)
  to   space 1280K,   0% used [0x90f70000, 0x90f70000, 0x910b0000)
 tenured generation   total 25892K, used 18226K [0x9aea0000, 0x9c7e9000, 0xb0400000)
   the space 25892K,  70% used [0x9aea0000, 0x9c06cb50, 0x9c06cc00, 0x9c7e9000)
 compacting perm gen  total 12800K, used 12595K [0xb0400000, 0xb1080000, 0xb4400000)
   the space 12800K,  98% used [0xb0400000, 0xb104ced8, 0xb104d000, 0xb1080000)
No shared spaces configured.
Event: 3.334 GC heap after
Heap after GC invocations=23 (full 2):
 def new generation   total 11712K, used 1280K [0x90400000, 0x910b0000, 0x9aea0000)
  eden space 10432K,   0% used [0x90400000, 0x90400000, 0x90e30000)
  from space 1280K, 100% used [0x90f70000, 0x910b0000, 0x910b0000)
  to   space 1280K,   0% used [0x90e30000, 0x90e30000, 0x90f70000)
 tenured generation   total 25892K, used 19590K [0x9aea0000, 0x9c7e9000, 0xb0400000)
   the space 25892K,  75% used [0x9aea0000, 0x9c1c18f0, 0x9c1c1a00, 0x9c7e9000)
 compacting perm gen  total 12800K, used 12595K [0xb0400000, 0xb1080000, 0xb4400000)
   the space 12800K,  98% used [0xb0400000, 0xb104ced8, 0xb104d000, 0xb1080000)
No shared spaces configured.
}
Event: 3.918 GC heap before
{Heap before GC invocations=23 (full 2):
 def new generation   total 11712K, used 11622K [0x90400000, 0x910b0000, 0x9aea0000)
  eden space 10432K,  99% used [0x90400000, 0x90e198b8, 0x90e30000)
  from space 1280K, 100% used [0x90f70000, 0x910b0000, 0x910b0000)
  to   space 1280K,   0% used [0x90e30000, 0x90e30000, 0x90f70000)
 tenured generation   total 25892K, used 19590K [0x9aea0000, 0x9c7e9000, 0xb0400000)
   the space 25892K,  75% used [0x9aea0000, 0x9c1c18f0, 0x9c1c1a00, 0x9c7e9000)
 compacting perm gen  total 12800K, used 12734K [0xb0400000, 0xb1080000, 0xb4400000)
   the space 12800K,  99% used [0xb0400000, 0xb106f960, 0xb106fa00, 0xb1080000)
No shared spaces configured.
Event: 3.923 GC heap after
Heap after GC invocations=24 (full 2):
 def new generation   total 11712K, used 1280K [0x90400000, 0x910b0000, 0x9aea0000)
  eden space 10432K,   0% used [0x90400000, 0x90400000, 0x90e30000)
  from space 1280K, 100% used [0x90e30000, 0x90f70000, 0x90f70000)
  to   space 1280K,   0% used [0x90f70000, 0x90f70000, 0x910b0000)
 tenured generation   total 25892K, used 20577K [0x9aea0000, 0x9c7e9000, 0xb0400000)
   the space 25892K,  79% used [0x9aea0000, 0x9c2b8558, 0x9c2b8600, 0x9c7e9000)
 compacting perm gen  total 12800K, used 12734K [0xb0400000, 0xb1080000, 0xb4400000)
   the space 12800K,  99% used [0xb0400000, 0xb106f960, 0xb106fa00, 0xb1080000)
No shared spaces configured.
}
Event: 4.320 GC heap before
{Heap before GC invocations=24 (full 2):
 def new generation   total 11712K, used 11653K [0x90400000, 0x910b0000, 0x9aea0000)
  eden space 10432K,  99% used [0x90400000, 0x90e21510, 0x90e30000)
  from space 1280K, 100% used [0x90e30000, 0x90f70000, 0x90f70000)
  to   space 1280K,   0% used [0x90f70000, 0x90f70000, 0x910b0000)
 tenured generation   total 25892K, used 20577K [0x9aea0000, 0x9c7e9000, 0xb0400000)
   the space 25892K,  79% used [0x9aea0000, 0x9c2b8558, 0x9c2b8600, 0x9c7e9000)
 compacting perm gen  total 13824K, used 13617K [0xb0400000, 0xb1180000, 0xb4400000)
   the space 13824K,  98% used [0xb0400000, 0xb114c6e8, 0xb114c800, 0xb1180000)
No shared spaces configured.
Event: 4.359 GC heap after
Heap after GC invocations=25 (full 2):
 def new generation   total 11712K, used 1280K [0x90400000, 0x910b0000, 0x9aea0000)
  eden space 10432K,   0% used [0x90400000, 0x90400000, 0x90e30000)
  from space 1280K, 100% used [0x90f70000, 0x910b0000, 0x910b0000)
  to   space 1280K,   0% used [0x90e30000, 0x90e30000, 0x90f70000)
 tenured generation   total 25892K, used 24492K [0x9aea0000, 0x9c7e9000, 0xb0400000)
   the space 25892K,  94% used [0x9aea0000, 0x9c68b260, 0x9c68b400, 0x9c7e9000)
 compacting perm gen  total 13824K, used 13617K [0xb0400000, 0xb1180000, 0xb4400000)
   the space 13824K,  98% used [0xb0400000, 0xb114c6e8, 0xb114c800, 0xb1180000)
No shared spaces configured.
}
Event: 824.121 GC heap before
{Heap before GC invocations=25 (full 2):
 def new generation   total 11712K, used 11712K [0x90400000, 0x910b0000, 0x9aea0000)
  eden space 10432K, 100% used [0x90400000, 0x90e30000, 0x90e30000)
  from space 1280K, 100% used [0x90f70000, 0x910b0000, 0x910b0000)
  to   space 1280K,   0% used [0x90e30000, 0x90e30000, 0x90f70000)
 tenured generation   total 25892K, used 24492K [0x9aea0000, 0x9c7e9000, 0xb0400000)
   the space 25892K,  94% used [0x9aea0000, 0x9c68b260, 0x9c68b400, 0x9c7e9000)
 compacting perm gen  total 14080K, used 14016K [0xb0400000, 0xb11c0000, 0xb4400000)
   the space 14080K,  99% used [0xb0400000, 0xb11b0398, 0xb11b0400, 0xb11c0000)
No shared spaces configured.
Event: 824.130 GC heap after
Heap after GC invocations=26 (full 2):
 def new generation   total 11712K, used 1065K [0x90400000, 0x910b0000, 0x9aea0000)
  eden space 10432K,   0% used [0x90400000, 0x90400000, 0x90e30000)
  from space 1280K,  83% used [0x90e30000, 0x90f3a520, 0x90f70000)
  to   space 1280K,   0% used [0x90f70000, 0x90f70000, 0x910b0000)
 tenured generation   total 25892K, used 25771K [0x9aea0000, 0x9c7e9000, 0xb0400000)
   the space 25892K,  99% used [0x9aea0000, 0x9c7caf98, 0x9c7cb000, 0x9c7e9000)
 compacting perm gen  total 14080K, used 14016K [0xb0400000, 0xb11c0000, 0xb4400000)
   the space 14080K,  99% used [0xb0400000, 0xb11b0398, 0xb11b0400, 0xb11c0000)
No shared spaces configured.
}

Deoptimization events (0 events):
No events

Internal exceptions (10 events):
Event: 4.572 Thread 0x8ebfb000 Threw 0x905cf7c0 at /build/buildd/openjdk-7-7u75-2.5.4/build/openjdk/hotspot/src/share/vm/prims/jvm.cpp:1284
Event: 4.572 Thread 0x8ebfb000 Threw 0x905cfef0 at /build/buildd/openjdk-7-7u75-2.5.4/build/openjdk/hotspot/src/share/vm/prims/jvm.cpp:1284
Event: 4.573 Thread 0x8ebfb000 Threw 0x905d54b0 at /build/buildd/openjdk-7-7u75-2.5.4/build/openjdk/hotspot/src/share/vm/prims/jvm.cpp:1284
Event: 4.573 Thread 0x8ebfb000 Threw 0x905d5c30 at /build/buildd/openjdk-7-7u75-2.5.4/build/openjdk/hotspot/src/share/vm/prims/jvm.cpp:1284
Event: 4.573 Thread 0x8ebfb000 Threw 0x905da730 at /build/buildd/openjdk-7-7u75-2.5.4/build/openjdk/hotspot/src/share/vm/prims/jvm.cpp:1284
Event: 4.573 Thread 0x8ebfb000 Threw 0x905daf18 at /build/buildd/openjdk-7-7u75-2.5.4/build/openjdk/hotspot/src/share/vm/prims/jvm.cpp:1284
Event: 4.574 Thread 0x8ebfb000 Threw 0x905e0a00 at /build/buildd/openjdk-7-7u75-2.5.4/build/openjdk/hotspot/src/share/vm/prims/jvm.cpp:1284
Event: 4.574 Thread 0x8ebfb000 Threw 0x905e11a8 at /build/buildd/openjdk-7-7u75-2.5.4/build/openjdk/hotspot/src/share/vm/prims/jvm.cpp:1284
Event: 13.987 Thread 0x8d64c800 Threw 0x906a6340 at /build/buildd/openjdk-7-7u75-2.5.4/build/openjdk/hotspot/src/share/vm/prims/jvm.cpp:1284
Event: 13.987 Thread 0x8d64c800 Threw 0x906a6b40 at /build/buildd/openjdk-7-7u75-2.5.4/build/openjdk/hotspot/src/share/vm/prims/jvm.cpp:1284

Events (10 events):
Event: 826.251 Executing VM operation: GetOrSetLocal
Event: 826.251 Executing VM operation: GetOrSetLocal done
Event: 826.255 Executing VM operation: GetOrSetLocal
Event: 826.255 Executing VM operation: GetOrSetLocal done
Event: 826.263 Executing VM operation: GetOrSetLocal
Event: 826.263 Executing VM operation: GetOrSetLocal done
Event: 826.263 Executing VM operation: GetOrSetLocal
Event: 826.263 Executing VM operation: GetOrSetLocal done
Event: 1013.288 Executing VM operation: RedefineClasses
Event: 1013.302 Executing VM operation: RedefineClasses done


Dynamic libraries:
08048000-08049000 r-xp 00000000 08:01 1583414    /usr/lib/jvm/java-7-openjdk-i386/jre/bin/java
08049000-0804a000 r--p 00000000 08:01 1583414    /usr/lib/jvm/java-7-openjdk-i386/jre/bin/java
0804a000-0804b000 rw-p 00001000 08:01 1583414    /usr/lib/jvm/java-7-openjdk-i386/jre/bin/java
08a3d000-08aed000 rw-p 00000000 00:00 0          [heap]
8d1a7000-8d285000 rw-p 00000000 00:00 0 
8d285000-8d288000 ---p 00000000 00:00 0 
8d288000-8d2d6000 rw-p 00000000 00:00 0          [stack:7654]
8d2d6000-8d2d9000 ---p 00000000 00:00 0 
8d2d9000-8d327000 rw-p 00000000 00:00 0          [stack:7624]
8d327000-8d32a000 ---p 00000000 00:00 0 
8d32a000-8d378000 rw-p 00000000 00:00 0          [stack:7612]
8d378000-8d37b000 ---p 00000000 00:00 0 
8d37b000-8d3c9000 rw-p 00000000 00:00 0          [stack:7587]
8d3c9000-8d3cc000 ---p 00000000 00:00 0 
8d3cc000-8d41a000 rw-p 00000000 00:00 0          [stack:7586]
8d41a000-8d41d000 ---p 00000000 00:00 0 
8d41d000-8d46b000 rw-p 00000000 00:00 0          [stack:7585]
8d46b000-8d46e000 ---p 00000000 00:00 0 
8d46e000-8d4bc000 rw-p 00000000 00:00 0          [stack:7582]
8d4bc000-8d4bf000 ---p 00000000 00:00 0 
8d4bf000-8d50d000 rw-p 00000000 00:00 0          [stack:7581]
8d50d000-8d510000 ---p 00000000 00:00 0 
8d510000-8d55e000 rw-p 00000000 00:00 0          [stack:7579]
8d55e000-8d561000 ---p 00000000 00:00 0 
8d561000-8d5af000 rw-p 00000000 00:00 0          [stack:7578]
8d5af000-8d5b2000 ---p 00000000 00:00 0 
8d5b2000-8d600000 rw-p 00000000 00:00 0          [stack:7577]
8d600000-8d6e2000 rw-p 00000000 00:00 0 
8d6e2000-8d700000 ---p 00000000 00:00 0 
8d70d000-8d710000 ---p 00000000 00:00 0 
8d710000-8d75e000 rw-p 00000000 00:00 0          [stack:7576]
8d75e000-8d761000 ---p 00000000 00:00 0 
8d761000-8d7af000 rw-p 00000000 00:00 0          [stack:7575]
8d7af000-8d7b2000 ---p 00000000 00:00 0 
8d7b2000-8d800000 rw-p 00000000 00:00 0          [stack:7574]
8d800000-8d8fb000 rw-p 00000000 00:00 0 
8d8fb000-8d900000 ---p 00000000 00:00 0 
8d900000-8da00000 rw-p 00000000 00:00 0 
8da00000-8dafe000 rw-p 00000000 00:00 0 
8dafe000-8db00000 ---p 00000000 00:00 0 
8db00000-8db93000 rw-p 00000000 00:00 0 
8db93000-8dc00000 ---p 00000000 00:00 0 
8dc00000-8dcfd000 rw-p 00000000 00:00 0 
8dcfd000-8dd00000 ---p 00000000 00:00 0 
8dd00000-8de00000 rw-p 00000000 00:00 0 
8de00000-8df00000 rw-p 00000000 00:00 0 
8df0d000-8df10000 ---p 00000000 00:00 0 
8df10000-8df5e000 rw-p 00000000 00:00 0          [stack:7573]
8df5e000-8df61000 ---p 00000000 00:00 0 
8df61000-8dfaf000 rw-p 00000000 00:00 0          [stack:7572]
8dfaf000-8dfb2000 ---p 00000000 00:00 0 
8dfb2000-8e000000 rw-p 00000000 00:00 0          [stack:7571]
8e000000-8e0ff000 rw-p 00000000 00:00 0 
8e0ff000-8e100000 ---p 00000000 00:00 0 
8e100000-8e1fe000 rw-p 00000000 00:00 0 
8e1fe000-8e200000 ---p 00000000 00:00 0 
8e200000-8e2fe000 rw-p 00000000 00:00 0 
8e2fe000-8e300000 ---p 00000000 00:00 0 
8e300000-8e3fb000 rw-p 00000000 00:00 0 
8e3fb000-8e400000 ---p 00000000 00:00 0 
8e400000-8e4f9000 rw-p 00000000 00:00 0 
8e4f9000-8e500000 ---p 00000000 00:00 0 
8e500000-8e5ff000 rw-p 00000000 00:00 0 
8e5ff000-8e600000 ---p 00000000 00:00 0 
8e600000-8e6fa000 rw-p 00000000 00:00 0 
8e6fa000-8e700000 ---p 00000000 00:00 0 
8e700000-8e800000 rw-p 00000000 00:00 0 
8e800000-8e8fe000 rw-p 00000000 00:00 0 
8e8fe000-8e900000 ---p 00000000 00:00 0 
8e900000-8e9fe000 rw-p 00000000 00:00 0 
8e9fe000-8ea00000 ---p 00000000 00:00 0 
8ea00000-8eaf9000 rw-p 00000000 00:00 0 
8eaf9000-8eb00000 ---p 00000000 00:00 0 
8eb00000-8ebfe000 rw-p 00000000 00:00 0 
8ebfe000-8ec00000 ---p 00000000 00:00 0 
8ec00000-8ecfe000 rw-p 00000000 00:00 0 
8ecfe000-8ed00000 ---p 00000000 00:00 0 
8ed47000-8ed4a000 ---p 00000000 00:00 0 
8ed4a000-8ed98000 rw-p 00000000 00:00 0          [stack:7570]
8edbc000-8edbf000 ---p 00000000 00:00 0 
8edbf000-8ee0d000 rw-p 00000000 00:00 0          [stack:7583]
8ee0d000-8ee10000 ---p 00000000 00:00 0 
8ee10000-8ee5e000 rw-p 00000000 00:00 0          [stack:7584]
8ee5e000-8ee61000 ---p 00000000 00:00 0 
8ee61000-8eeaf000 rw-p 00000000 00:00 0          [stack:7567]
8eeaf000-8eeb2000 ---p 00000000 00:00 0 
8eeb2000-8ef00000 rw-p 00000000 00:00 0          [stack:7566]
8ef00000-8effc000 rw-p 00000000 00:00 0 
8effc000-8f000000 ---p 00000000 00:00 0 
8f000000-8f0b9000 r-xp 00000000 08:01 1183552    /usr/lib/i386-linux-gnu/libsqlite3.so.0.8.6
8f0b9000-8f0bb000 r--p 000b8000 08:01 1183552    /usr/lib/i386-linux-gnu/libsqlite3.so.0.8.6
8f0bb000-8f0bc000 rw-p 000ba000 08:01 1183552    /usr/lib/i386-linux-gnu/libsqlite3.so.0.8.6
8f0bc000-8f0bd000 rw-p 00000000 00:00 0 
8f0bd000-8f1fb000 r-xp 00000000 08:01 1183355    /usr/lib/i386-linux-gnu/libnss3.so
8f1fb000-8f1fe000 r--p 0013d000 08:01 1183355    /usr/lib/i386-linux-gnu/libnss3.so
8f1fe000-8f1ff000 rw-p 00140000 08:01 1183355    /usr/lib/i386-linux-gnu/libnss3.so
8f1ff000-8f200000 rw-p 00000000 00:00 0 
8f200000-8f300000 rw-p 00000000 00:00 0 
8f319000-8f37b000 r-xp 00000000 08:01 1185042    /usr/lib/i386-linux-gnu/nss/libfreebl3.so
8f37b000-8f37c000 r--p 00061000 08:01 1185042    /usr/lib/i386-linux-gnu/nss/libfreebl3.so
8f37c000-8f37d000 rw-p 00062000 08:01 1185042    /usr/lib/i386-linux-gnu/nss/libfreebl3.so
8f37d000-8f381000 rw-p 00000000 00:00 0 
8f381000-8f3c1000 r-xp 00000000 08:01 1185048    /usr/lib/i386-linux-gnu/nss/libsoftokn3.so
8f3c1000-8f3c2000 r--p 00040000 08:01 1185048    /usr/lib/i386-linux-gnu/nss/libsoftokn3.so
8f3c2000-8f3c3000 rw-p 00041000 08:01 1185048    /usr/lib/i386-linux-gnu/nss/libsoftokn3.so
8f3c3000-8f3fc000 r-xp 00000000 08:01 1183354    /usr/lib/i386-linux-gnu/libnspr4.so
8f3fc000-8f3fd000 r--p 00038000 08:01 1183354    /usr/lib/i386-linux-gnu/libnspr4.so
8f3fd000-8f3fe000 rw-p 00039000 08:01 1183354    /usr/lib/i386-linux-gnu/libnspr4.so
8f3fe000-8f400000 rw-p 00000000 00:00 0 
8f400000-8f4fa000 rw-p 00000000 00:00 0 
8f4fa000-8f500000 ---p 00000000 00:00 0 
8f51f000-8f522000 r-xp 00000000 08:01 1183418    /usr/lib/i386-linux-gnu/libplds4.so
8f522000-8f523000 r--p 00002000 08:01 1183418    /usr/lib/i386-linux-gnu/libplds4.so
8f523000-8f524000 rw-p 00003000 08:01 1183418    /usr/lib/i386-linux-gnu/libplds4.so
8f524000-8f528000 r-xp 00000000 08:01 1183417    /usr/lib/i386-linux-gnu/libplc4.so
8f528000-8f529000 r--p 00003000 08:01 1183417    /usr/lib/i386-linux-gnu/libplc4.so
8f529000-8f52a000 rw-p 00004000 08:01 1183417    /usr/lib/i386-linux-gnu/libplc4.so
8f52a000-8f54a000 r-xp 00000000 08:01 1183363    /usr/lib/i386-linux-gnu/libnssutil3.so
8f54a000-8f54b000 ---p 00020000 08:01 1183363    /usr/lib/i386-linux-gnu/libnssutil3.so
8f54b000-8f54e000 r--p 00020000 08:01 1183363    /usr/lib/i386-linux-gnu/libnssutil3.so
8f54e000-8f54f000 rw-p 00023000 08:01 1183363    /usr/lib/i386-linux-gnu/libnssutil3.so
8f55a000-8f564000 r--s 00203000 08:01 1583473    /usr/lib/jvm/java-7-openjdk-i386/jre/lib/charsets.jar
8f564000-8f575000 r-xp 00000000 08:01 1583453    /usr/lib/jvm/java-7-openjdk-i386/jre/lib/i386/libj2pkcs11.so
8f575000-8f576000 r--p 00010000 08:01 1583453    /usr/lib/jvm/java-7-openjdk-i386/jre/lib/i386/libj2pkcs11.so
8f576000-8f577000 rw-p 00011000 08:01 1583453    /usr/lib/jvm/java-7-openjdk-i386/jre/lib/i386/libj2pkcs11.so
8f577000-8f57a000 r--s 00017000 08:01 1583476    /usr/lib/jvm/java-7-openjdk-i386/jre/lib/jce.jar
8f57a000-8f57e000 r--s 0004d000 08:01 1583422    /usr/lib/jvm/java-7-openjdk-i386/jre/lib/jsse.jar
8f57e000-8f581000 ---p 00000000 00:00 0 
8f581000-8f5cf000 rw-p 00000000 00:00 0          [stack:7565]
8f5cf000-8f5d8000 r-xp 00000000 08:01 1583451    /usr/lib/jvm/java-7-openjdk-i386/jre/lib/i386/libmanagement.so
8f5d8000-8f5d9000 r--p 00008000 08:01 1583451    /usr/lib/jvm/java-7-openjdk-i386/jre/lib/i386/libmanagement.so
8f5d9000-8f5da000 rw-p 00009000 08:01 1583451    /usr/lib/jvm/java-7-openjdk-i386/jre/lib/i386/libmanagement.so
8f5da000-8f5e3000 r--s 000b9000 08:01 1583484    /usr/lib/jvm/java-7-openjdk-i386/jre/lib/resources.jar
8f5e3000-8f5e7000 r--s 00038000 08:01 659552     /home/cis455/workspace/apache-tomcat-8.0.20/lib/servlet-api.jar
8f5e7000-8f5ef000 r--s 00087000 08:01 659550     /home/cis455/workspace/apache-tomcat-8.0.20/lib/jasper.jar
8f5ef000-8f600000 r--s 00221000 08:01 659464     /home/cis455/workspace/apache-tomcat-8.0.20/lib/ecj-4.4.1.jar
8f600000-8f6f9000 rw-p 00000000 00:00 0 
8f6f9000-8f700000 ---p 00000000 00:00 0 
8f700000-8f702000 r--s 0001f000 08:01 659561     /home/cis455/workspace/apache-tomcat-8.0.20/lib/tomcat-jdbc.jar
8f702000-8f707000 r--s 0003a000 08:01 659462     /home/cis455/workspace/apache-tomcat-8.0.20/lib/catalina-tribes.jar
8f707000-8f709000 r--s 00003000 08:01 659457     /home/cis455/workspace/apache-tomcat-8.0.20/lib/annotations-api.jar
8f709000-8f70b000 r--s 00012000 08:01 659466     /home/cis455/workspace/apache-tomcat-8.0.20/lib/el-api.jar
8f70b000-8f70e000 r--s 00017000 08:01 659565     /home/cis455/workspace/apache-tomcat-8.0.20/lib/tomcat-util.jar
8f70e000-8f711000 r--s 0000e000 08:01 659558     /home/cis455/workspace/apache-tomcat-8.0.20/lib/tomcat-i18n-es.jar
8f711000-8f713000 r--s 00007000 08:01 659567     /home/cis455/workspace/apache-tomcat-8.0.20/lib/websocket-api.jar
8f713000-8f715000 r--s 0001b000 08:01 659460     /home/cis455/workspace/apache-tomcat-8.0.20/lib/catalina-ha.jar
8f715000-8f719000 r--s 00024000 08:01 659467     /home/cis455/workspace/apache-tomcat-8.0.20/lib/jasper-el.jar
8f719000-8f71b000 r--s 00001000 08:01 659553     /home/cis455/workspace/apache-tomcat-8.0.20/lib/tomcat-api.jar
8f71b000-8f72e000 r--s 00161000 08:01 659463     /home/cis455/workspace/apache-tomcat-8.0.20/lib/catalina.jar
8f72e000-8f730000 r--s 0000c000 08:01 659563     /home/cis455/workspace/apache-tomcat-8.0.20/lib/tomcat-spdy.jar
8f730000-8f734000 r--s 0002d000 08:01 659564     /home/cis455/workspace/apache-tomcat-8.0.20/lib/tomcat-util-scan.jar
8f734000-8f737000 r--s 0000e000 08:01 659562     /home/cis455/workspace/apache-tomcat-8.0.20/lib/tomcat-jni.jar
8f737000-8f773000 r-xp 00000000 08:01 262724     /lib/i386-linux-gnu/libpcre.so.3.13.1
8f773000-8f774000 r--p 0003b000 08:01 262724     /lib/i386-linux-gnu/libpcre.so.3.13.1
8f774000-8f775000 rw-p 0003c000 08:01 262724     /lib/i386-linux-gnu/libpcre.so.3.13.1
8f775000-8f77a000 r-xp 00000000 08:01 1182936    /usr/lib/i386-linux-gnu/libffi.so.6.0.1
8f77a000-8f77b000 r--p 00005000 08:01 1182936    /usr/lib/i386-linux-gnu/libffi.so.6.0.1
8f77b000-8f77c000 rw-p 00006000 08:01 1182936    /usr/lib/i386-linux-gnu/libffi.so.6.0.1
8f77c000-8f78f000 r-xp 00000000 08:01 262747     /lib/i386-linux-gnu/libresolv-2.19.so
8f78f000-8f790000 ---p 00013000 08:01 262747     /lib/i386-linux-gnu/libresolv-2.19.so
8f790000-8f791000 r--p 00013000 08:01 262747     /lib/i386-linux-gnu/libresolv-2.19.so
8f791000-8f792000 rw-p 00014000 08:01 262747     /lib/i386-linux-gnu/libresolv-2.19.so
8f792000-8f794000 rw-p 00000000 00:00 0 
8f794000-8f7b4000 r-xp 00000000 08:01 262751     /lib/i386-linux-gnu/libselinux.so.1
8f7b4000-8f7b5000 r--p 0001f000 08:01 262751     /lib/i386-linux-gnu/libselinux.so.1
8f7b5000-8f7b6000 rw-p 00020000 08:01 262751     /lib/i386-linux-gnu/libselinux.so.1
8f7b6000-8f7b7000 rw-p 00000000 00:00 0 
8f7b7000-8f8c1000 r-xp 00000000 08:01 262652     /lib/i386-linux-gnu/libglib-2.0.so.0.4000.0
8f8c1000-8f8c2000 r--p 00109000 08:01 262652     /lib/i386-linux-gnu/libglib-2.0.so.0.4000.0
8f8c2000-8f8c3000 rw-p 0010a000 08:01 262652     /lib/i386-linux-gnu/libglib-2.0.so.0.4000.0
8f8c3000-8f913000 r-xp 00000000 08:01 1183069    /usr/lib/i386-linux-gnu/libgobject-2.0.so.0.4000.0
8f913000-8f914000 r--p 0004f000 08:01 1183069    /usr/lib/i386-linux-gnu/libgobject-2.0.so.0.4000.0
8f914000-8f915000 rw-p 00050000 08:01 1183069    /usr/lib/i386-linux-gnu/libgobject-2.0.so.0.4000.0
8f915000-8fa92000 r-xp 00000000 08:01 1183039    /usr/lib/i386-linux-gnu/libgio-2.0.so.0.4000.0
8fa92000-8fa94000 r--p 0017c000 08:01 1183039    /usr/lib/i386-linux-gnu/libgio-2.0.so.0.4000.0
8fa94000-8fa95000 rw-p 0017e000 08:01 1183039    /usr/lib/i386-linux-gnu/libgio-2.0.so.0.4000.0
8fa95000-8fa96000 rw-p 00000000 00:00 0 
8fa96000-8faad000 r-xp 00000000 08:01 1583444    /usr/lib/jvm/java-7-openjdk-i386/jre/lib/i386/libnet.so
8faad000-8faae000 r--p 00017000 08:01 1583444    /usr/lib/jvm/java-7-openjdk-i386/jre/lib/i386/libnet.so
8faae000-8faaf000 rw-p 00018000 08:01 1583444    /usr/lib/jvm/java-7-openjdk-i386/jre/lib/i386/libnet.so
8faaf000-8fab2000 ---p 00000000 00:00 0 
8fab2000-8fb00000 rw-p 00000000 00:00 0          [stack:7562]
8fb00000-8fc00000 rw-p 00000000 00:00 0 
8fc00000-8fc01000 rw-p 00000000 00:00 0 
8fc01000-8fc03000 r--s 00011000 08:01 659461     /home/cis455/workspace/apache-tomcat-8.0.20/lib/catalina-storeconfig.jar
8fc03000-8fc06000 r--s 0000d000 08:01 659551     /home/cis455/workspace/apache-tomcat-8.0.20/lib/jsp-api.jar
8fc06000-8fc0b000 r--s 00036000 08:01 659557     /home/cis455/workspace/apache-tomcat-8.0.20/lib/tomcat-dbcp.jar
8fc0b000-8fc15000 r--s 000a1000 08:01 659556     /home/cis455/workspace/apache-tomcat-8.0.20/lib/tomcat-coyote.jar
8fc15000-8fc18000 r--s 00008000 08:01 659559     /home/cis455/workspace/apache-tomcat-8.0.20/lib/tomcat-i18n-fr.jar
8fc18000-8fc19000 ---p 00000000 00:00 0 
8fc19000-8fc99000 rw-p 00000000 00:00 0          [stack:7561]
8fc99000-8fc9c000 ---p 00000000 00:00 0 
8fc9c000-8fcea000 rw-p 00000000 00:00 0          [stack:7560]
8fcea000-8fced000 ---p 00000000 00:00 0 
8fced000-8fd6b000 rw-p 00000000 00:00 0          [stack:7559]
8fd6b000-8fd6e000 ---p 00000000 00:00 0 
8fd6e000-8fdbc000 rw-p 00000000 00:00 0          [stack:7558]
8fdbc000-8fdbf000 ---p 00000000 00:00 0 
8fdbf000-8fe0d000 rw-p 00000000 00:00 0          [stack:7557]
8fe0d000-8fe10000 ---p 00000000 00:00 0 
8fe10000-8fe5e000 rw-p 00000000 00:00 0          [stack:7556]
8fe5e000-8fe61000 ---p 00000000 00:00 0 
8fe61000-8feaf000 rw-p 00000000 00:00 0          [stack:7555]
8feaf000-8feb2000 ---p 00000000 00:00 0 
8feb2000-8ff00000 rw-p 00000000 00:00 0          [stack:7554]
8ff00000-8ffff000 rw-p 00000000 00:00 0 
8ffff000-90000000 ---p 00000000 00:00 0 
90000000-90004000 r--s 00030000 08:01 659566     /home/cis455/workspace/apache-tomcat-8.0.20/lib/tomcat-websocket.jar
90004000-90007000 r-xp 00000000 08:01 1183053    /usr/lib/i386-linux-gnu/libgmodule-2.0.so.0.4000.0
90007000-90008000 r--p 00002000 08:01 1183053    /usr/lib/i386-linux-gnu/libgmodule-2.0.so.0.4000.0
90008000-90009000 rw-p 00003000 08:01 1183053    /usr/lib/i386-linux-gnu/libgmodule-2.0.so.0.4000.0
90009000-9000a000 ---p 00000000 00:00 0 
9000a000-900d3000 rw-p 00000000 00:00 0          [stack:7553]
900d3000-90284000 r--s 01d23000 08:01 1583485    /usr/lib/jvm/java-7-openjdk-i386/jre/lib/rt.jar
90284000-902e6000 rw-p 00000000 00:00 0 
902e6000-90334000 rw-p 00000000 00:00 0 
90334000-90341000 rw-p 00000000 00:00 0 
90341000-903df000 rw-p 00000000 00:00 0 
903df000-903e6000 rw-p 00000000 00:00 0 
903e6000-903ff000 rw-p 00000000 00:00 0 
903ff000-910b0000 rw-p 00000000 00:00 0 
910b0000-9aea0000 rw-p 00000000 00:00 0 
9aea0000-9c7e9000 rw-p 00000000 00:00 0 
9c7e9000-b0400000 rw-p 00000000 00:00 0 
b0400000-b11c0000 rw-p 00000000 00:00 0 
b11c0000-b4400000 rw-p 00000000 00:00 0 
b4400000-b4402000 r--s 00009000 08:01 659560     /home/cis455/workspace/apache-tomcat-8.0.20/lib/tomcat-i18n-ja.jar
b4402000-b4404000 r--s 0000b000 08:01 659459     /home/cis455/workspace/apache-tomcat-8.0.20/lib/catalina-ant.jar
b4404000-b4415000 r-xp 00000000 08:01 1583436    /usr/lib/jvm/java-7-openjdk-i386/jre/lib/i386/libnio.so
b4415000-b4416000 r--p 00010000 08:01 1583436    /usr/lib/jvm/java-7-openjdk-i386/jre/lib/i386/libnio.so
b4416000-b4417000 rw-p 00011000 08:01 1583436    /usr/lib/jvm/java-7-openjdk-i386/jre/lib/i386/libnio.so
b4417000-b4419000 r--s 00009000 08:01 659453     /home/cis455/workspace/apache-tomcat-8.0.20/bin/tomcat-juli.jar
b4419000-b441a000 r--s 00005000 08:01 659443     /home/cis455/workspace/apache-tomcat-8.0.20/bin/commons-daemon.jar
b441a000-b441d000 r--s 00086000 08:01 1583462    /usr/lib/jvm/java-7-openjdk-i386/jre/lib/ext/localedata.jar
b441d000-b4421000 r--s 00034000 08:01 1583465    /usr/lib/jvm/java-7-openjdk-i386/jre/lib/ext/sunjce_provider.jar
b4421000-b4423000 r--s 00012000 08:01 1583464    /usr/lib/jvm/java-7-openjdk-i386/jre/lib/ext/zipfs.jar
b4423000-b4427000 r--s 0003c000 08:01 1583466    /usr/lib/jvm/java-7-openjdk-i386/jre/lib/ext/sunpkcs11.jar
b4427000-b442b000 r-xp 00000000 08:01 1583430    /usr/lib/jvm/java-7-openjdk-i386/jre/lib/i386/libdt_socket.so
b442b000-b442c000 r--p 00003000 08:01 1583430    /usr/lib/jvm/java-7-openjdk-i386/jre/lib/i386/libdt_socket.so
b442c000-b442d000 rw-p 00004000 08:01 1583430    /usr/lib/jvm/java-7-openjdk-i386/jre/lib/i386/libdt_socket.so
b442d000-b4434000 rw-p 00000000 00:00 0 
b4434000-b444e000 rw-p 00000000 00:00 0 
b444e000-b445b000 rw-p 00000000 00:00 0 
b445b000-b44f9000 rw-p 00000000 00:00 0 
b44f9000-b4504000 rw-p 00000000 00:00 0 
b4504000-b4579000 rw-p 00000000 00:00 0 
b4579000-b4831000 rwxp 00000000 00:00 0 
b4831000-b6579000 rw-p 00000000 00:00 0 
b6579000-b6584000 r-xp 00000000 08:01 262696     /lib/i386-linux-gnu/libnss_files-2.19.so
b6584000-b6585000 r--p 0000a000 08:01 262696     /lib/i386-linux-gnu/libnss_files-2.19.so
b6585000-b6586000 rw-p 0000b000 08:01 262696     /lib/i386-linux-gnu/libnss_files-2.19.so
b6586000-b6590000 r-xp 00000000 08:01 262706     /lib/i386-linux-gnu/libnss_nis-2.19.so
b6590000-b6591000 r--p 00009000 08:01 262706     /lib/i386-linux-gnu/libnss_nis-2.19.so
b6591000-b6592000 rw-p 0000a000 08:01 262706     /lib/i386-linux-gnu/libnss_nis-2.19.so
b6592000-b65a7000 r-xp 00000000 08:01 262690     /lib/i386-linux-gnu/libnsl-2.19.so
b65a7000-b65a8000 r--p 00015000 08:01 262690     /lib/i386-linux-gnu/libnsl-2.19.so
b65a8000-b65a9000 rw-p 00016000 08:01 262690     /lib/i386-linux-gnu/libnsl-2.19.so
b65a9000-b65ab000 rw-p 00000000 00:00 0 
b65ab000-b65ae000 r--s 0000f000 08:01 1583463    /usr/lib/jvm/java-7-openjdk-i386/jre/lib/ext/icedtea-sound.jar
b65ae000-b65b6000 r-xp 00000000 08:01 1583439    /usr/lib/jvm/java-7-openjdk-i386/jre/lib/i386/libzip.so
b65b6000-b65b7000 r--p 00007000 08:01 1583439    /usr/lib/jvm/java-7-openjdk-i386/jre/lib/i386/libzip.so
b65b7000-b65b8000 rw-p 00008000 08:01 1583439    /usr/lib/jvm/java-7-openjdk-i386/jre/lib/i386/libzip.so
b65b8000-b65c0000 rw-s 00000000 08:01 795932     /tmp/hsperfdata_cis455/7551
b65c0000-b67c0000 r--p 00000000 08:01 1187252    /usr/lib/locale/locale-archive
b67c0000-b67fe000 r-xp 00000000 08:01 1583433    /usr/lib/jvm/java-7-openjdk-i386/jre/lib/i386/libjdwp.so
b67fe000-b67ff000 r--p 0003d000 08:01 1583433    /usr/lib/jvm/java-7-openjdk-i386/jre/lib/i386/libjdwp.so
b67ff000-b6800000 rw-p 0003e000 08:01 1583433    /usr/lib/jvm/java-7-openjdk-i386/jre/lib/i386/libjdwp.so
b6800000-b68ff000 rw-p 00000000 00:00 0 
b68ff000-b6900000 ---p 00000000 00:00 0 
b6900000-b6901000 r--s 00006000 08:01 659439     /home/cis455/workspace/apache-tomcat-8.0.20/bin/bootstrap.jar
b6901000-b6903000 r--s 00006000 08:01 1454919    /usr/share/java/java-atk-wrapper.jar
b6903000-b690a000 r-xp 00000000 08:01 262692     /lib/i386-linux-gnu/libnss_compat-2.19.so
b690a000-b690b000 r--p 00006000 08:01 262692     /lib/i386-linux-gnu/libnss_compat-2.19.so
b690b000-b690c000 rw-p 00007000 08:01 262692     /lib/i386-linux-gnu/libnss_compat-2.19.so
b690c000-b690f000 r-xp 00000000 08:01 1583435    /usr/lib/jvm/java-7-openjdk-i386/jre/lib/i386/libnpt.so
b690f000-b6910000 r--p 00002000 08:01 1583435    /usr/lib/jvm/java-7-openjdk-i386/jre/lib/i386/libnpt.so
b6910000-b6911000 rw-p 00003000 08:01 1583435    /usr/lib/jvm/java-7-openjdk-i386/jre/lib/i386/libnpt.so
b6911000-b6938000 r-xp 00000000 08:01 1583426    /usr/lib/jvm/java-7-openjdk-i386/jre/lib/i386/libjava.so
b6938000-b6939000 r--p 00026000 08:01 1583426    /usr/lib/jvm/java-7-openjdk-i386/jre/lib/i386/libjava.so
b6939000-b693a000 rw-p 00027000 08:01 1583426    /usr/lib/jvm/java-7-openjdk-i386/jre/lib/i386/libjava.so
b693a000-b6941000 r-xp 00000000 08:01 262749     /lib/i386-linux-gnu/librt-2.19.so
b6941000-b6942000 r--p 00006000 08:01 262749     /lib/i386-linux-gnu/librt-2.19.so
b6942000-b6943000 rw-p 00007000 08:01 262749     /lib/i386-linux-gnu/librt-2.19.so
b6943000-b6946000 ---p 00000000 00:00 0 
b6946000-b6994000 rw-p 00000000 00:00 0          [stack:7552]
b6994000-b69b0000 r-xp 00000000 08:01 262648     /lib/i386-linux-gnu/libgcc_s.so.1
b69b0000-b69b1000 rw-p 0001b000 08:01 262648     /lib/i386-linux-gnu/libgcc_s.so.1
b69b1000-b69f5000 r-xp 00000000 08:01 262671     /lib/i386-linux-gnu/libm-2.19.so
b69f5000-b69f6000 r--p 00043000 08:01 262671     /lib/i386-linux-gnu/libm-2.19.so
b69f6000-b69f7000 rw-p 00044000 08:01 262671     /lib/i386-linux-gnu/libm-2.19.so
b69f7000-b6ad3000 r-xp 00000000 08:01 1183562    /usr/lib/i386-linux-gnu/libstdc++.so.6.0.19
b6ad3000-b6ad4000 ---p 000dc000 08:01 1183562    /usr/lib/i386-linux-gnu/libstdc++.so.6.0.19
b6ad4000-b6ad8000 r--p 000dc000 08:01 1183562    /usr/lib/i386-linux-gnu/libstdc++.so.6.0.19
b6ad8000-b6ad9000 rw-p 000e0000 08:01 1183562    /usr/lib/i386-linux-gnu/libstdc++.so.6.0.19
b6ad9000-b6ae0000 rw-p 00000000 00:00 0 
b6ae0000-b710a000 r-xp 00000000 08:01 1583455    /usr/lib/jvm/java-7-openjdk-i386/jre/lib/i386/client/libjvm.so
b710a000-b710b000 ---p 0062a000 08:01 1583455    /usr/lib/jvm/java-7-openjdk-i386/jre/lib/i386/client/libjvm.so
b710b000-b7121000 r--p 0062a000 08:01 1583455    /usr/lib/jvm/java-7-openjdk-i386/jre/lib/i386/client/libjvm.so
b7121000-b7130000 rw-p 00640000 08:01 1583455    /usr/lib/jvm/java-7-openjdk-i386/jre/lib/i386/client/libjvm.so
b7130000-b754b000 rw-p 00000000 00:00 0 
b754b000-b7563000 r-xp 00000000 08:01 262784     /lib/i386-linux-gnu/libz.so.1.2.8
b7563000-b7564000 r--p 00017000 08:01 262784     /lib/i386-linux-gnu/libz.so.1.2.8
b7564000-b7565000 rw-p 00018000 08:01 262784     /lib/i386-linux-gnu/libz.so.1.2.8
b7565000-b757d000 r-xp 00000000 08:01 262741     /lib/i386-linux-gnu/libpthread-2.19.so
b757d000-b757e000 r--p 00017000 08:01 262741     /lib/i386-linux-gnu/libpthread-2.19.so
b757e000-b757f000 rw-p 00018000 08:01 262741     /lib/i386-linux-gnu/libpthread-2.19.so
b757f000-b7581000 rw-p 00000000 00:00 0 
b7581000-b7584000 r-xp 00000000 08:01 262638     /lib/i386-linux-gnu/libdl-2.19.so
b7584000-b7585000 r--p 00002000 08:01 262638     /lib/i386-linux-gnu/libdl-2.19.so
b7585000-b7586000 rw-p 00003000 08:01 262638     /lib/i386-linux-gnu/libdl-2.19.so
b7586000-b772f000 r-xp 00000000 08:01 262621     /lib/i386-linux-gnu/libc-2.19.so
b772f000-b7731000 r--p 001a9000 08:01 262621     /lib/i386-linux-gnu/libc-2.19.so
b7731000-b7732000 rw-p 001ab000 08:01 262621     /lib/i386-linux-gnu/libc-2.19.so
b7732000-b7735000 rw-p 00000000 00:00 0 
b7735000-b7736000 r--s 00002000 08:01 1583461    /usr/lib/jvm/java-7-openjdk-i386/jre/lib/ext/dnsns.jar
b7736000-b7737000 rw-p 00000000 00:00 0 
b7737000-b7738000 r--p 00855000 08:01 1187252    /usr/lib/locale/locale-archive
b7738000-b7739000 rw-p 00000000 00:00 0 
b7739000-b773a000 r--p 00000000 00:00 0 
b773a000-b7748000 r-xp 00000000 08:01 1583438    /usr/lib/jvm/java-7-openjdk-i386/jre/lib/i386/libverify.so
b7748000-b7749000 r--p 0000d000 08:01 1583438    /usr/lib/jvm/java-7-openjdk-i386/jre/lib/i386/libverify.so
b7749000-b774a000 rw-p 0000e000 08:01 1583438    /usr/lib/jvm/java-7-openjdk-i386/jre/lib/i386/libverify.so
b774a000-b7756000 r-xp 00000000 08:01 1583428    /usr/lib/jvm/java-7-openjdk-i386/jre/lib/i386/jli/libjli.so
b7756000-b7757000 r--p 0000c000 08:01 1583428    /usr/lib/jvm/java-7-openjdk-i386/jre/lib/i386/jli/libjli.so
b7757000-b7758000 rw-p 0000d000 08:01 1583428    /usr/lib/jvm/java-7-openjdk-i386/jre/lib/i386/jli/libjli.so
b7758000-b775b000 rw-p 00000000 00:00 0 
b775b000-b775c000 r-xp 00000000 00:00 0          [vdso]
b775c000-b777c000 r-xp 00000000 08:01 262597     /lib/i386-linux-gnu/ld-2.19.so
b777c000-b777d000 r--p 0001f000 08:01 262597     /lib/i386-linux-gnu/ld-2.19.so
b777d000-b777e000 rw-p 00020000 08:01 262597     /lib/i386-linux-gnu/ld-2.19.so
bfbf9000-bfbfa000 rwxp 00000000 00:00 0 
bfc2c000-bfc4d000 rw-p 00000000 00:00 0          [stack]

VM Arguments:
jvm_args: -Djava.util.logging.config.file=/home/cis455/workspace/apache-tomcat-8.0.20/conf/logging.properties -Djava.util.logging.manager=org.apache.juli.ClassLoaderLogManager -agentlib:jdwp=transport=dt_socket,address=30000,server=y,suspend=n -Djava.endorsed.dirs=/home/cis455/workspace/apache-tomcat-8.0.20/endorsed -Dcatalina.base=/home/cis455/workspace/apache-tomcat-8.0.20 -Dcatalina.home=/home/cis455/workspace/apache-tomcat-8.0.20 -Djava.io.tmpdir=/home/cis455/workspace/apache-tomcat-8.0.20/temp 
java_command: org.apache.catalina.startup.Bootstrap start
Launcher Type: SUN_STANDARD

Environment Variables:
PATH=/usr/local/sbin:/usr/local/bin:/usr/sbin:/usr/bin:/sbin:/bin:/usr/games:/usr/local/games
SHELL=/bin/bash
DISPLAY=:0

Signal Handlers:
SIGSEGV: [libjvm.so+0x4e6c30], sa_mask[0]=0x7ffbfeff, sa_flags=0x10000004
SIGBUS: [libjvm.so+0x4e6c30], sa_mask[0]=0x7ffbfeff, sa_flags=0x10000004
SIGFPE: [libjvm.so+0x3c5720], sa_mask[0]=0x7ffbfeff, sa_flags=0x10000004
SIGPIPE: SIG_IGN, sa_mask[0]=0x00000000, sa_flags=0x00000000
SIGXFSZ: [libjvm.so+0x3c5720], sa_mask[0]=0x7ffbfeff, sa_flags=0x10000004
SIGILL: [libjvm.so+0x3c5720], sa_mask[0]=0x7ffbfeff, sa_flags=0x10000004
SIGUSR1: SIG_DFL, sa_mask[0]=0x00000000, sa_flags=0x00000000
SIGUSR2: [libjvm.so+0x3c55b0], sa_mask[0]=0x00000000, sa_flags=0x10000004
SIGHUP: [libjvm.so+0x3c57e0], sa_mask[0]=0x7ffbfeff, sa_flags=0x10000004
SIGINT: SIG_IGN, sa_mask[0]=0x00000000, sa_flags=0x00000000
SIGTERM: [libjvm.so+0x3c57e0], sa_mask[0]=0x7ffbfeff, sa_flags=0x10000004
SIGQUIT: [libjvm.so+0x3c57e0], sa_mask[0]=0x7ffbfeff, sa_flags=0x10000004
SIGTRAP: SIG_DFL, sa_mask[0]=0x00000000, sa_flags=0x00000000


---------------  S Y S T E M  ---------------

OS:Ubuntu 12.04 (precise)
uname:Linux 3.13.0-24-generic #46-Ubuntu SMP Thu Apr 10 19:08:14 UTC 2014 i686
libc:glibc 2.19 NPTL 2.19 
rlimit: STACK 8192k, CORE 0k, NPROC 15978, NOFILE 4096, AS infinity
load average:0.70 0.78 0.73

/proc/meminfo:
MemTotal:        2064328 kB
MemFree:          172252 kB
Buffers:           86340 kB
Cached:           567912 kB
SwapCached:         6900 kB
Active:          1015696 kB
Inactive:         799752 kB
Active(anon):     711440 kB
Inactive(anon):   461052 kB
Active(file):     304256 kB
Inactive(file):   338700 kB
Unevictable:          32 kB
Mlocked:              32 kB
HighTotal:       1183688 kB
HighFree:          56904 kB
LowTotal:         880640 kB
LowFree:          115348 kB
SwapTotal:       1222652 kB
SwapFree:        1203136 kB
Dirty:               328 kB
Writeback:             0 kB
AnonPages:       1155612 kB
Mapped:           143452 kB
Shmem:             11232 kB
Slab:              48712 kB
SReclaimable:      35100 kB
SUnreclaim:        13612 kB
KernelStack:        3536 kB
PageTables:         9052 kB
NFS_Unstable:          0 kB
Bounce:                0 kB
WritebackTmp:          0 kB
CommitLimit:     2254816 kB
Committed_AS:    3577016 kB
VmallocTotal:     122880 kB
VmallocUsed:       28852 kB
VmallocChunk:      68536 kB
HardwareCorrupted:     0 kB
AnonHugePages:    372736 kB
HugePages_Total:       0
HugePages_Free:        0
HugePages_Rsvd:        0
HugePages_Surp:        0
Hugepagesize:       2048 kB
DirectMap4k:       20472 kB
DirectMap2M:      892928 kB


CPU:total 1 (1 cores per cpu, 1 threads per core) family 6 model 58 stepping 9, cmov, cx8, fxsr, mmx, sse, sse2, sse3, ssse3, tsc

/proc/cpuinfo:
processor	: 0
vendor_id	: GenuineIntel
cpu family	: 6
model		: 58
model name	: Intel(R) Core(TM) i5-3210M CPU @ 2.50GHz
stepping	: 9
microcode	: 0x19
cpu MHz		: 2395.056
cache size	: 6144 KB
physical id	: 0
siblings	: 1
core id		: 0
cpu cores	: 1
apicid		: 0
initial apicid	: 0
fdiv_bug	: no
f00f_bug	: no
coma_bug	: no
fpu		: yes
fpu_exception	: yes
cpuid level	: 5
wp		: yes
flags		: fpu vme de pse tsc msr pae mce cx8 apic sep mtrr pge mca cmov pat pse36 clflush mmx fxsr sse sse2 syscall nx rdtscp lm constant_tsc pni monitor ssse3 lahf_lm
bogomips	: 4790.11
clflush size	: 64
cache_alignment	: 64
address sizes	: 36 bits physical, 48 bits virtual
power management:



Memory: 4k page, physical 2064328k(172252k free), swap 1222652k(1203136k free)

vm_info: OpenJDK Client VM (24.75-b04) for linux-x86 JRE (1.7.0_75-b13), built on Jan 27 2015 00:43:58 by "buildd" with gcc 4.8.2

time: Sat Mar 28 17:27:49 2015
elapsed time: 1013 seconds

